<?xml version="1.0" encoding="UTF-8"?>
<!-- Generated by org.testng.reporters.JUnitXMLReporter -->
<testsuite ignored="0" hostname="DESKTOP-25OVQC7" failures="0" tests="7" name="My Demo Test 1" time="49.026" errors="0" timestamp="2022-12-04T21:28:47 GMT-05:00">
  <testcase classname="testng.ParallelTest" name="Test1" time="11.233"/>
  <testcase classname="testng.ParallelTest" name="Test2" time="11.655"/>
  <testcase classname="testng.ParallelTest" name="Test3" time="10.019"/>
  <testcase classname="testng.ParallelTest" name="Test4" time="13.086"/>
  <testcase classname="testng.ParallelTest" name="Test5" time="9.459"/>
  <testcase classname="testng.ParallelTest" name="Test6" time="12.422"/>
  <testcase classname="testng.ParallelTest" name="Test7" time="18.177"/>
</testsuite> <!-- My Demo Test 1 -->
