<?xml version="1.0" encoding="UTF-8"?>
<testng-results ignored="0" total="2" passed="2" failed="0" skipped="0">
  <reporter-output>
  </reporter-output>
  <suite started-at="2022-12-04T21:48:31 GMT-05:00" name="Default suite" finished-at="2022-12-04T21:48:51 GMT-05:00" duration-ms="20042">
    <groups>
    </groups>
    <test started-at="2022-12-04T21:48:31 GMT-05:00" name="Default test" finished-at="2022-12-04T21:48:51 GMT-05:00" duration-ms="20042">
      <class name="testng.ParallelTest">
        <test-method is-config="true" signature="readConfig()[pri:0, instance:testng.ParallelTest@79e2c065]" started-at="2022-12-04T21:48:31 GMT-05:00" name="readConfig" finished-at="2022-12-04T21:48:31 GMT-05:00" duration-ms="31" status="PASS">
          <reporter-output>
          </reporter-output>
        </test-method> <!-- readConfig -->
        <test-method signature="Test1()[pri:0, instance:testng.ParallelTest@79e2c065]" started-at="2022-12-04T21:48:31 GMT-05:00" name="Test1" finished-at="2022-12-04T21:48:42 GMT-05:00" duration-ms="10513" status="PASS">
          <reporter-output>
          </reporter-output>
        </test-method> <!-- Test1 -->
        <test-method signature="Test2()[pri:0, instance:testng.ParallelTest@79e2c065]" started-at="2022-12-04T21:48:42 GMT-05:00" name="Test2" finished-at="2022-12-04T21:48:51 GMT-05:00" duration-ms="9453" status="PASS">
          <reporter-output>
          </reporter-output>
        </test-method> <!-- Test2 -->
      </class> <!-- testng.ParallelTest -->
    </test> <!-- Default test -->
  </suite> <!-- Default suite -->
</testng-results>
